{"level":"info","ts":"2025-01-09T13:21:17.834+0330","msg":"Redis connected successfully","AppName":"myApp","LoggerName":"Zap","Category":"Redis","SubCategory":"Migration"}
{"level":"info","ts":"2025-01-09T13:21:17.906+0330","msg":"Postgres connected successfully","AppName":"myApp","LoggerName":"Zap","Category":"Postgres","SubCategory":"Migration"}
{"level":"info","ts":"2025-01-09T13:21:20.970+0330","msg":"Record(email) not found","AppName":"myApp","LoggerName":"Zap","Category":"Postgres","SubCategory":"Api"}
{"level":"info","ts":"2025-01-09T13:21:21.094+0330","msg":"Record(username) not found","AppName":"myApp","LoggerName":"Zap","SubCategory":"Api","Category":"Postgres"}
{"level":"info","ts":"2025-01-09T13:21:21.194+0330","msg":"Role not found","AppName":"myApp","LoggerName":"Zap","Category":"Postgres","SubCategory":"DefaultRoleNotFound"}
{"level":"info","ts":"2025-01-09T13:21:21.194+0330","msg":"Role not found","AppName":"myApp","LoggerName":"Zap","Category":"Postgres","SubCategory":"DefaultRoleNotFound"}
{"level":"info","ts":"2025-01-09T13:21:21.194+0330","msg":"","AppName":"myApp","LoggerName":"Zap","Path":"/api/register","Latency":0.364030428,"Category":"RequestResponse","SubCategory":"Api"}
{"level":"info","ts":"2025-01-09T13:22:55.862+0330","msg":"Record(email) not found","AppName":"myApp","LoggerName":"Zap","Category":"Postgres","SubCategory":"Api"}
{"level":"info","ts":"2025-01-09T13:22:56.002+0330","msg":"Record(username) not found","AppName":"myApp","LoggerName":"Zap","Category":"Postgres","SubCategory":"Api"}
{"level":"info","ts":"2025-01-09T13:22:56.134+0330","msg":"Role not found","AppName":"myApp","LoggerName":"Zap","Category":"Postgres","SubCategory":"DefaultRoleNotFound"}
{"level":"info","ts":"2025-01-09T13:22:56.138+0330","msg":"Role not found","AppName":"myApp","LoggerName":"Zap","Category":"Postgres","SubCategory":"DefaultRoleNotFound"}
{"level":"info","ts":"2025-01-09T13:22:56.138+0330","msg":"","AppName":"myApp","LoggerName":"Zap","Path":"/api/register","Latency":0.447888778,"Category":"RequestResponse","SubCategory":"Api"}
{"level":"info","ts":"2025-01-09T13:23:25.546+0330","msg":"Record(email) not found","AppName":"myApp","LoggerName":"Zap","Category":"Postgres","SubCategory":"Api"}
{"level":"info","ts":"2025-01-09T13:23:25.615+0330","msg":"Record(username) not found","AppName":"myApp","LoggerName":"Zap","SubCategory":"Api","Category":"Postgres"}
{"level":"info","ts":"2025-01-09T13:23:25.674+0330","msg":"Role not found","AppName":"myApp","LoggerName":"Zap","Category":"Postgres","SubCategory":"DefaultRoleNotFound"}
{"level":"info","ts":"2025-01-09T13:23:25.675+0330","msg":"Role not found","AppName":"myApp","LoggerName":"Zap","Category":"Postgres","SubCategory":"DefaultRoleNotFound"}
{"level":"info","ts":"2025-01-09T13:23:25.675+0330","msg":"","AppName":"myApp","LoggerName":"Zap","Latency":0.200460629,"Category":"RequestResponse","SubCategory":"Api","Path":"/api/register"}
{"level":"info","ts":"2025-01-09T13:24:03.158+0330","msg":"Record(email) not found","AppName":"myApp","LoggerName":"Zap","Category":"Postgres","SubCategory":"Api"}
{"level":"info","ts":"2025-01-09T13:24:03.251+0330","msg":"Record(username) not found","AppName":"myApp","LoggerName":"Zap","Category":"Postgres","SubCategory":"Api"}
{"level":"info","ts":"2025-01-09T13:24:03.330+0330","msg":"Role not found","AppName":"myApp","LoggerName":"Zap","Category":"Postgres","SubCategory":"DefaultRoleNotFound"}
{"level":"info","ts":"2025-01-09T13:24:03.330+0330","msg":"Role not found","AppName":"myApp","LoggerName":"Zap","Category":"Postgres","SubCategory":"DefaultRoleNotFound"}
{"level":"info","ts":"2025-01-09T13:24:03.331+0330","msg":"","AppName":"myApp","LoggerName":"Zap","Path":"/api/register","Latency":0.260008581,"Category":"RequestResponse","SubCategory":"Api"}
