{"level":"info","ts":"2025-02-17T16:13:48.450+0330","msg":"Redis connected successfully","AppName":"myApp","LoggerName":"Zap","Category":"Redis","SubCategory":"Migration"}
{"level":"info","ts":"2025-02-17T16:13:48.826+0330","msg":"Postgres connected successfully","AppName":"myApp","LoggerName":"Zap","Category":"Postgres","SubCategory":"Migration"}
{"level":"info","ts":"2025-02-17T16:14:03.704+0330","msg":"","AppName":"myApp","LoggerName":"Zap","Path":"/login","Latency":0.000310007,"Category":"RequestResponse","SubCategory":"Api"}
{"level":"info","ts":"2025-02-17T16:14:06.459+0330","msg":"","AppName":"myApp","LoggerName":"Zap","Path":"/favicon.ico","Latency":0.000015479,"Category":"RequestResponse","SubCategory":"Api"}
{"level":"info","ts":"2025-02-17T16:14:08.796+0330","msg":"","AppName":"myApp","LoggerName":"Zap","Path":"/up-login","Latency":0.683906874,"Category":"RequestResponse","SubCategory":"Api"}
{"level":"info","ts":"2025-02-17T16:14:10.144+0330","msg":"","AppName":"myApp","LoggerName":"Zap","Path":"/chat","Latency":0.00400682,"Category":"RequestResponse","SubCategory":"Api"}
{"level":"info","ts":"2025-02-17T16:14:10.674+0330","msg":"","AppName":"myApp","LoggerName":"Zap","Path":"/chat","Latency":0.00088188,"Category":"RequestResponse","SubCategory":"Api"}
{"level":"info","ts":"2025-02-17T16:14:17.534+0330","msg":"","AppName":"myApp","LoggerName":"Zap","Path":"/api/claim","Latency":0.000091998,"Category":"RequestResponse","SubCategory":"Api"}
{"level":"info","ts":"2025-02-17T16:14:17.547+0330","msg":"","AppName":"myApp","LoggerName":"Zap","Path":"/ws2","Latency":0.000254711,"Category":"RequestResponse","SubCategory":"Api"}
{"level":"info","ts":"2025-02-17T16:14:17.634+0330","msg":"","AppName":"myApp","LoggerName":"Zap","Path":"/favicon.ico","Latency":0.000014077,"Category":"RequestResponse","SubCategory":"Api"}
{"level":"info","ts":"2025-02-17T16:14:17.712+0330","msg":"","AppName":"myApp","LoggerName":"Zap","Path":"/api/users/active","Latency":0.077603333,"Category":"RequestResponse","SubCategory":"Api"}
{"level":"info","ts":"2025-02-17T16:14:27.931+0330","msg":"failed to get from redis:[redis: nil]","AppName":"myApp","LoggerName":"Zap"}
{"level":"info","ts":"2025-02-17T16:14:27.936+0330","msg":"data set successfully","AppName":"myApp","LoggerName":"Zap","Category":"Internal","SubCategory":"Insert"}
{"level":"info","ts":"2025-02-17T16:14:45.734+0330","msg":"result is:[user1]","AppName":"myApp","LoggerName":"Zap"}
{"level":"info","ts":"2025-02-17T16:14:54.442+0330","msg":"","AppName":"myApp","LoggerName":"Zap","Path":"/api/143/delete","Latency":0.043170873,"Category":"RequestResponse","SubCategory":"Api"}
{"level":"info","ts":"2025-02-17T16:14:59.628+0330","msg":"","AppName":"myApp","LoggerName":"Zap","Category":"RequestResponse","SubCategory":"Api","Path":"/api/142/delete","Latency":0.024513892}
{"level":"info","ts":"2025-02-17T16:15:04.752+0330","msg":"","AppName":"myApp","LoggerName":"Zap","Path":"/api/141/delete","Latency":0.014348612,"Category":"RequestResponse","SubCategory":"Api"}
{"level":"info","ts":"2025-02-17T16:15:08.477+0330","msg":"","AppName":"myApp","LoggerName":"Zap","Path":"/api/140/delete","Latency":0.019148442,"Category":"RequestResponse","SubCategory":"Api"}
{"level":"info","ts":"2025-02-17T16:15:12.609+0330","msg":"","AppName":"myApp","LoggerName":"Zap","SubCategory":"Api","Path":"/api/138/delete","Latency":0.021817284,"Category":"RequestResponse"}
{"level":"info","ts":"2025-02-17T16:15:15.895+0330","msg":"","AppName":"myApp","LoggerName":"Zap","Path":"/api/137/delete","Latency":0.021118078,"Category":"RequestResponse","SubCategory":"Api"}
{"level":"info","ts":"2025-02-17T16:15:18.904+0330","msg":"","AppName":"myApp","LoggerName":"Zap","Category":"RequestResponse","SubCategory":"Api","Path":"/api/136/delete","Latency":0.038478517}
{"level":"info","ts":"2025-02-17T16:15:41.485+0330","msg":"","AppName":"myApp","LoggerName":"Zap","Category":"RequestResponse","SubCategory":"Api","Path":"/chat","Latency":0.001249418}
{"level":"info","ts":"2025-02-17T16:15:41.525+0330","msg":"","AppName":"myApp","LoggerName":"Zap","Latency":83.993107307,"Category":"RequestResponse","SubCategory":"Api","Path":"/ws"}
{"level":"info","ts":"2025-02-17T16:15:41.978+0330","msg":"","AppName":"myApp","LoggerName":"Zap","SubCategory":"Api","Path":"/api/claim","Latency":0.000088401,"Category":"RequestResponse"}
{"level":"info","ts":"2025-02-17T16:15:41.994+0330","msg":"","AppName":"myApp","LoggerName":"Zap","Path":"/ws2","Latency":0.001318765,"Category":"RequestResponse","SubCategory":"Api"}
{"level":"info","ts":"2025-02-17T16:15:42.047+0330","msg":"","AppName":"myApp","LoggerName":"Zap","Path":"/favicon.ico","Latency":0.000021629,"Category":"RequestResponse","SubCategory":"Api"}
{"level":"info","ts":"2025-02-17T16:15:42.060+0330","msg":"","AppName":"myApp","LoggerName":"Zap","Path":"/api/users/active","Latency":0.001646008,"Category":"RequestResponse","SubCategory":"Api"}
{"level":"info","ts":"2025-02-17T16:20:49.987+0330","msg":"","AppName":"myApp","LoggerName":"Zap","Path":"/chat","Latency":0.001045308,"Category":"RequestResponse","SubCategory":"Api"}
{"level":"info","ts":"2025-02-17T16:20:49.997+0330","msg":"","AppName":"myApp","LoggerName":"Zap","SubCategory":"Api","Path":"/ws","Latency":308.019236276,"Category":"RequestResponse"}
{"level":"info","ts":"2025-02-17T16:20:50.428+0330","msg":"","AppName":"myApp","LoggerName":"Zap","Latency":0.000105008,"Category":"RequestResponse","SubCategory":"Api","Path":"/api/claim"}
{"level":"info","ts":"2025-02-17T16:20:50.448+0330","msg":"","AppName":"myApp","LoggerName":"Zap","Path":"/ws2","Latency":0.000269196,"Category":"RequestResponse","SubCategory":"Api"}
{"level":"info","ts":"2025-02-17T16:20:50.471+0330","msg":"","AppName":"myApp","LoggerName":"Zap","Path":"/favicon.ico","Latency":0.00001575,"Category":"RequestResponse","SubCategory":"Api"}
{"level":"info","ts":"2025-02-17T16:20:50.503+0330","msg":"","AppName":"myApp","LoggerName":"Zap","Path":"/api/users/active","Latency":0.007040496,"Category":"RequestResponse","SubCategory":"Api"}
{"level":"info","ts":"2025-02-17T16:20:58.587+0330","msg":"","AppName":"myApp","LoggerName":"Zap","SubCategory":"Api","Path":"/chat","Latency":0.001620621,"Category":"RequestResponse"}
{"level":"info","ts":"2025-02-17T16:20:58.597+0330","msg":"","AppName":"myApp","LoggerName":"Zap","Path":"/ws","Latency":8.169191064,"Category":"RequestResponse","SubCategory":"Api"}
{"level":"info","ts":"2025-02-17T16:20:59.692+0330","msg":"","AppName":"myApp","LoggerName":"Zap","Path":"/api/claim","Latency":0.000064621,"Category":"RequestResponse","SubCategory":"Api"}
{"level":"info","ts":"2025-02-17T16:20:59.719+0330","msg":"","AppName":"myApp","LoggerName":"Zap","Path":"/ws2","Latency":0.00019557,"Category":"RequestResponse","SubCategory":"Api"}
{"level":"info","ts":"2025-02-17T16:20:59.748+0330","msg":"","AppName":"myApp","LoggerName":"Zap","Category":"RequestResponse","SubCategory":"Api","Path":"/favicon.ico","Latency":0.000013003}
{"level":"info","ts":"2025-02-17T16:20:59.763+0330","msg":"","AppName":"myApp","LoggerName":"Zap","Category":"RequestResponse","SubCategory":"Api","Path":"/api/users/active","Latency":0.001673146}
{"level":"info","ts":"2025-02-17T16:21:34.887+0330","msg":"","AppName":"myApp","LoggerName":"Zap","Path":"/login","Latency":0.000494244,"Category":"RequestResponse","SubCategory":"Api"}
{"level":"info","ts":"2025-02-17T16:21:36.147+0330","msg":"","AppName":"myApp","LoggerName":"Zap","Path":"/favicon.ico","Latency":0.000013373,"Category":"RequestResponse","SubCategory":"Api"}
{"level":"info","ts":"2025-02-17T16:21:44.291+0330","msg":"","AppName":"myApp","LoggerName":"Zap","Path":"/up-login","Latency":0.093181144,"Category":"RequestResponse","SubCategory":"Api"}
{"level":"info","ts":"2025-02-17T16:21:46.207+0330","msg":"","AppName":"myApp","LoggerName":"Zap","Path":"/chat","Latency":0.00112159,"Category":"RequestResponse","SubCategory":"Api"}
{"level":"info","ts":"2025-02-17T16:21:46.776+0330","msg":"","AppName":"myApp","LoggerName":"Zap","Path":"/chat","Latency":0.001206474,"Category":"RequestResponse","SubCategory":"Api"}
{"level":"info","ts":"2025-02-17T16:21:49.070+0330","msg":"","AppName":"myApp","LoggerName":"Zap","Latency":0.000103448,"Category":"RequestResponse","SubCategory":"Api","Path":"/api/claim"}
{"level":"info","ts":"2025-02-17T16:21:49.079+0330","msg":"","AppName":"myApp","LoggerName":"Zap","Path":"/favicon.ico","Latency":0.00001677,"Category":"RequestResponse","SubCategory":"Api"}
{"level":"info","ts":"2025-02-17T16:21:49.082+0330","msg":"","AppName":"myApp","LoggerName":"Zap","Path":"/api/users/active","Latency":0.001352634,"Category":"RequestResponse","SubCategory":"Api"}
{"level":"info","ts":"2025-02-17T16:21:49.093+0330","msg":"","AppName":"myApp","LoggerName":"Zap","Latency":0.000967986,"Category":"RequestResponse","SubCategory":"Api","Path":"/ws2"}
{"level":"info","ts":"2025-02-17T16:21:56.667+0330","msg":"failed to get from redis:[redis: nil]","AppName":"myApp","LoggerName":"Zap"}
{"level":"info","ts":"2025-02-17T16:21:56.668+0330","msg":"data set successfully","AppName":"myApp","LoggerName":"Zap","SubCategory":"Insert","Category":"Internal"}
{"level":"info","ts":"2025-02-17T16:22:00.359+0330","msg":"","AppName":"myApp","LoggerName":"Zap","Path":"/chat","Latency":0.00117177,"Category":"RequestResponse","SubCategory":"Api"}
{"level":"info","ts":"2025-02-17T16:22:00.372+0330","msg":"","AppName":"myApp","LoggerName":"Zap","Path":"/ws","Latency":11.299079916,"Category":"RequestResponse","SubCategory":"Api"}
{"level":"info","ts":"2025-02-17T16:22:00.580+0330","msg":"","AppName":"myApp","LoggerName":"Zap","SubCategory":"Api","Path":"/api/claim","Latency":0.000080457,"Category":"RequestResponse"}
{"level":"info","ts":"2025-02-17T16:22:00.580+0330","msg":"","AppName":"myApp","LoggerName":"Zap","Path":"/favicon.ico","Latency":0.000008338,"Category":"RequestResponse","SubCategory":"Api"}
{"level":"info","ts":"2025-02-17T16:22:00.597+0330","msg":"","AppName":"myApp","LoggerName":"Zap","SubCategory":"Api","Path":"/ws2","Latency":0.000541159,"Category":"RequestResponse"}
{"level":"info","ts":"2025-02-17T16:22:00.600+0330","msg":"","AppName":"myApp","LoggerName":"Zap","Latency":0.00168788,"Category":"RequestResponse","SubCategory":"Api","Path":"/api/users/active"}
{"level":"info","ts":"2025-02-17T16:22:07.983+0330","msg":"","AppName":"myApp","LoggerName":"Zap","Path":"/chat","Latency":0.001240548,"Category":"RequestResponse","SubCategory":"Api"}
{"level":"info","ts":"2025-02-17T16:22:07.996+0330","msg":"","AppName":"myApp","LoggerName":"Zap","Path":"/ws","Latency":68.303332653,"Category":"RequestResponse","SubCategory":"Api"}
{"level":"info","ts":"2025-02-17T16:22:08.423+0330","msg":"","AppName":"myApp","LoggerName":"Zap","Category":"RequestResponse","SubCategory":"Api","Path":"/api/claim","Latency":0.00007626}
{"level":"info","ts":"2025-02-17T16:22:08.438+0330","msg":"","AppName":"myApp","LoggerName":"Zap","Path":"/ws2","Latency":0.000312796,"Category":"RequestResponse","SubCategory":"Api"}
{"level":"info","ts":"2025-02-17T16:22:08.473+0330","msg":"","AppName":"myApp","LoggerName":"Zap","Path":"/favicon.ico","Latency":0.000011396,"Category":"RequestResponse","SubCategory":"Api"}
{"level":"info","ts":"2025-02-17T16:22:08.494+0330","msg":"","AppName":"myApp","LoggerName":"Zap","Path":"/api/users/active","Latency":0.001205538,"Category":"RequestResponse","SubCategory":"Api"}
{"level":"info","ts":"2025-02-17T16:22:12.422+0330","msg":"failed to get from redis:[redis: nil]","AppName":"myApp","LoggerName":"Zap"}
{"level":"info","ts":"2025-02-17T16:22:12.423+0330","msg":"data set successfully","AppName":"myApp","LoggerName":"Zap","Category":"Internal","SubCategory":"Insert"}
{"level":"info","ts":"2025-02-17T16:22:14.523+0330","msg":"","AppName":"myApp","LoggerName":"Zap","Path":"/chat","Latency":0.001983481,"Category":"RequestResponse","SubCategory":"Api"}
{"level":"info","ts":"2025-02-17T16:22:14.544+0330","msg":"","AppName":"myApp","LoggerName":"Zap","Path":"/ws","Latency":6.123562124,"Category":"RequestResponse","SubCategory":"Api"}
{"level":"info","ts":"2025-02-17T16:22:14.929+0330","msg":"","AppName":"myApp","LoggerName":"Zap","Path":"/api/claim","Latency":0.000066726,"Category":"RequestResponse","SubCategory":"Api"}
{"level":"info","ts":"2025-02-17T16:22:14.944+0330","msg":"","AppName":"myApp","LoggerName":"Zap","Path":"/ws2","Latency":0.000232163,"Category":"RequestResponse","SubCategory":"Api"}
{"level":"info","ts":"2025-02-17T16:22:14.983+0330","msg":"","AppName":"myApp","LoggerName":"Zap","Path":"/favicon.ico","Latency":0.000014556,"Category":"RequestResponse","SubCategory":"Api"}
{"level":"info","ts":"2025-02-17T16:22:15.011+0330","msg":"","AppName":"myApp","LoggerName":"Zap","Path":"/api/users/active","Latency":0.00798059,"Category":"RequestResponse","SubCategory":"Api"}
{"level":"info","ts":"2025-02-17T16:22:31.550+0330","msg":"","AppName":"myApp","LoggerName":"Zap","Path":"/chat","Latency":0.001537641,"Category":"RequestResponse","SubCategory":"Api"}
{"level":"info","ts":"2025-02-17T16:22:31.559+0330","msg":"","AppName":"myApp","LoggerName":"Zap","Path":"/ws","Latency":30.977164185,"Category":"RequestResponse","SubCategory":"Api"}
{"level":"info","ts":"2025-02-17T16:22:31.755+0330","msg":"","AppName":"myApp","LoggerName":"Zap","Path":"/api/claim","Latency":0.000152182,"Category":"RequestResponse","SubCategory":"Api"}
{"level":"info","ts":"2025-02-17T16:22:31.758+0330","msg":"","AppName":"myApp","LoggerName":"Zap","Category":"RequestResponse","SubCategory":"Api","Path":"/favicon.ico","Latency":0.000014502}
{"level":"info","ts":"2025-02-17T16:22:31.771+0330","msg":"","AppName":"myApp","LoggerName":"Zap","Category":"RequestResponse","SubCategory":"Api","Path":"/ws2","Latency":0.000215375}
{"level":"info","ts":"2025-02-17T16:22:31.800+0330","msg":"","AppName":"myApp","LoggerName":"Zap","SubCategory":"Api","Path":"/api/users/active","Latency":0.003439969,"Category":"RequestResponse"}
{"level":"info","ts":"2025-02-17T16:22:34.191+0330","msg":"","AppName":"myApp","LoggerName":"Zap","Path":"/chat","Latency":0.001149075,"Category":"RequestResponse","SubCategory":"Api"}
{"level":"info","ts":"2025-02-17T16:22:34.197+0330","msg":"","AppName":"myApp","LoggerName":"Zap","Category":"RequestResponse","SubCategory":"Api","Path":"/ws","Latency":2.442677368}
{"level":"info","ts":"2025-02-17T16:22:34.380+0330","msg":"","AppName":"myApp","LoggerName":"Zap","Path":"/api/claim","Latency":0.000341177,"Category":"RequestResponse","SubCategory":"Api"}
{"level":"info","ts":"2025-02-17T16:22:34.384+0330","msg":"","AppName":"myApp","LoggerName":"Zap","Path":"/favicon.ico","Latency":0.000016367,"Category":"RequestResponse","SubCategory":"Api"}
{"level":"info","ts":"2025-02-17T16:22:34.397+0330","msg":"","AppName":"myApp","LoggerName":"Zap","Path":"/ws2","Latency":0.000273904,"Category":"RequestResponse","SubCategory":"Api"}
{"level":"info","ts":"2025-02-17T16:22:34.420+0330","msg":"","AppName":"myApp","LoggerName":"Zap","Path":"/api/users/active","Latency":0.001131589,"Category":"RequestResponse","SubCategory":"Api"}
{"level":"info","ts":"2025-02-17T16:22:38.168+0330","msg":"","AppName":"myApp","LoggerName":"Zap","Path":"/chat","Latency":0.007602945,"Category":"RequestResponse","SubCategory":"Api"}
{"level":"info","ts":"2025-02-17T16:22:38.172+0330","msg":"","AppName":"myApp","LoggerName":"Zap","Path":"/ws","Latency":23.243039799,"Category":"RequestResponse","SubCategory":"Api"}
{"level":"info","ts":"2025-02-17T16:22:38.606+0330","msg":"","AppName":"myApp","LoggerName":"Zap","Latency":0.000115726,"Category":"RequestResponse","SubCategory":"Api","Path":"/api/claim"}
{"level":"info","ts":"2025-02-17T16:22:38.634+0330","msg":"","AppName":"myApp","LoggerName":"Zap","Path":"/ws2","Latency":0.000284341,"Category":"RequestResponse","SubCategory":"Api"}
{"level":"info","ts":"2025-02-17T16:22:38.687+0330","msg":"","AppName":"myApp","LoggerName":"Zap","Path":"/favicon.ico","Latency":0.000024121,"Category":"RequestResponse","SubCategory":"Api"}
{"level":"info","ts":"2025-02-17T16:22:38.689+0330","msg":"","AppName":"myApp","LoggerName":"Zap","Path":"/api/users/active","Latency":0.001789245,"Category":"RequestResponse","SubCategory":"Api"}
{"level":"info","ts":"2025-02-17T16:24:50.903+0330","msg":"","AppName":"myApp","LoggerName":"Zap","Path":"/chat","Latency":0.001394602,"Category":"RequestResponse","SubCategory":"Api"}
{"level":"info","ts":"2025-02-17T16:24:50.920+0330","msg":"","AppName":"myApp","LoggerName":"Zap","Path":"/ws","Latency":132.3136453,"Category":"RequestResponse","SubCategory":"Api"}
{"level":"info","ts":"2025-02-17T16:24:51.341+0330","msg":"","AppName":"myApp","LoggerName":"Zap","Path":"/api/claim","Latency":0.000143237,"Category":"RequestResponse","SubCategory":"Api"}
{"level":"info","ts":"2025-02-17T16:24:51.346+0330","msg":"","AppName":"myApp","LoggerName":"Zap","Category":"RequestResponse","SubCategory":"Api","Path":"/ws2","Latency":0.000246318}
{"level":"info","ts":"2025-02-17T16:24:51.386+0330","msg":"","AppName":"myApp","LoggerName":"Zap","Path":"/favicon.ico","Latency":0.000020405,"Category":"RequestResponse","SubCategory":"Api"}
{"level":"info","ts":"2025-02-17T16:24:51.399+0330","msg":"","AppName":"myApp","LoggerName":"Zap","Latency":0.0033659,"Category":"RequestResponse","SubCategory":"Api","Path":"/api/users/active"}
{"level":"info","ts":"2025-02-17T16:24:59.979+0330","msg":"","AppName":"myApp","LoggerName":"Zap","Path":"/chat","Latency":0.000962999,"Category":"RequestResponse","SubCategory":"Api"}
{"level":"info","ts":"2025-02-17T16:24:59.985+0330","msg":"","AppName":"myApp","LoggerName":"Zap","Path":"/ws","Latency":145.603280697,"Category":"RequestResponse","SubCategory":"Api"}
{"level":"info","ts":"2025-02-17T16:25:00.194+0330","msg":"","AppName":"myApp","LoggerName":"Zap","Path":"/api/claim","Latency":0.000078826,"Category":"RequestResponse","SubCategory":"Api"}
{"level":"info","ts":"2025-02-17T16:25:00.206+0330","msg":"","AppName":"myApp","LoggerName":"Zap","Path":"/favicon.ico","Latency":0.000014418,"Category":"RequestResponse","SubCategory":"Api"}
{"level":"info","ts":"2025-02-17T16:25:00.215+0330","msg":"","AppName":"myApp","LoggerName":"Zap","SubCategory":"Api","Path":"/api/users/active","Latency":0.007449981,"Category":"RequestResponse"}
{"level":"info","ts":"2025-02-17T16:25:00.221+0330","msg":"","AppName":"myApp","LoggerName":"Zap","Path":"/ws2","Latency":0.000821415,"Category":"RequestResponse","SubCategory":"Api"}
{"level":"info","ts":"2025-02-17T16:25:04.486+0330","msg":"failed to get from redis:[redis: nil]","AppName":"myApp","LoggerName":"Zap"}
{"level":"info","ts":"2025-02-17T16:25:04.487+0330","msg":"data set successfully","AppName":"myApp","LoggerName":"Zap","Category":"Internal","SubCategory":"Insert"}
{"level":"info","ts":"2025-02-17T16:25:17.106+0330","msg":"failed to get from redis:[redis: nil]","AppName":"myApp","LoggerName":"Zap"}
{"level":"info","ts":"2025-02-17T16:25:17.107+0330","msg":"data set successfully","AppName":"myApp","LoggerName":"Zap","Category":"Internal","SubCategory":"Insert"}
{"level":"info","ts":"2025-02-17T16:27:10.326+0330","msg":"result is:[user1]","AppName":"myApp","LoggerName":"Zap"}
{"level":"info","ts":"2025-02-17T16:27:16.958+0330","msg":"","AppName":"myApp","LoggerName":"Zap","SubCategory":"Api","Path":"/chat","Latency":0.001106353,"Category":"RequestResponse"}
{"level":"info","ts":"2025-02-17T16:27:16.965+0330","msg":"","AppName":"myApp","LoggerName":"Zap","Path":"/ws","Latency":136.770397961,"Category":"RequestResponse","SubCategory":"Api"}
{"level":"info","ts":"2025-02-17T16:27:17.159+0330","msg":"","AppName":"myApp","LoggerName":"Zap","Path":"/api/claim","Latency":0.000076497,"Category":"RequestResponse","SubCategory":"Api"}
{"level":"info","ts":"2025-02-17T16:27:17.166+0330","msg":"","AppName":"myApp","LoggerName":"Zap","Path":"/favicon.ico","Latency":0.000017833,"Category":"RequestResponse","SubCategory":"Api"}
{"level":"info","ts":"2025-02-17T16:27:17.168+0330","msg":"","AppName":"myApp","LoggerName":"Zap","Path":"/api/users/active","Latency":0.001820367,"Category":"RequestResponse","SubCategory":"Api"}
{"level":"info","ts":"2025-02-17T16:27:17.176+0330","msg":"","AppName":"myApp","LoggerName":"Zap","Path":"/ws2","Latency":0.000376787,"Category":"RequestResponse","SubCategory":"Api"}
{"level":"info","ts":"2025-02-17T16:27:22.180+0330","msg":"result is:[user2]","AppName":"myApp","LoggerName":"Zap"}
{"level":"info","ts":"2025-02-17T16:27:37.934+0330","msg":"","AppName":"myApp","LoggerName":"Zap","Path":"/chat","Latency":0.000967386,"Category":"RequestResponse","SubCategory":"Api"}
{"level":"info","ts":"2025-02-17T16:27:37.968+0330","msg":"","AppName":"myApp","LoggerName":"Zap","Path":"/ws","Latency":166.638263672,"Category":"RequestResponse","SubCategory":"Api"}
{"level":"info","ts":"2025-02-17T16:27:38.412+0330","msg":"","AppName":"myApp","LoggerName":"Zap","Path":"/ws2","Latency":0.000506389,"Category":"RequestResponse","SubCategory":"Api"}
{"level":"info","ts":"2025-02-17T16:27:38.415+0330","msg":"","AppName":"myApp","LoggerName":"Zap","Path":"/api/claim","Latency":0.000070518,"Category":"RequestResponse","SubCategory":"Api"}
{"level":"info","ts":"2025-02-17T16:27:38.462+0330","msg":"","AppName":"myApp","LoggerName":"Zap","Path":"/favicon.ico","Latency":0.000033277,"Category":"RequestResponse","SubCategory":"Api"}
{"level":"info","ts":"2025-02-17T16:27:38.493+0330","msg":"","AppName":"myApp","LoggerName":"Zap","Path":"/api/users/active","Latency":0.006440319,"Category":"RequestResponse","SubCategory":"Api"}
{"level":"info","ts":"2025-02-17T16:28:22.229+0330","msg":"failed to get from redis:[redis: nil]","AppName":"myApp","LoggerName":"Zap"}
{"level":"info","ts":"2025-02-17T16:28:22.230+0330","msg":"data set successfully","AppName":"myApp","LoggerName":"Zap","Category":"Internal","SubCategory":"Insert"}
{"level":"info","ts":"2025-02-17T16:28:41.529+0330","msg":"failed to get from redis:[redis: nil]","AppName":"myApp","LoggerName":"Zap"}
{"level":"info","ts":"2025-02-17T16:28:41.531+0330","msg":"data set successfully","AppName":"myApp","LoggerName":"Zap","Category":"Internal","SubCategory":"Insert"}
{"level":"info","ts":"2025-02-17T16:28:55.468+0330","msg":"","AppName":"myApp","LoggerName":"Zap","Latency":0.002261314,"Category":"RequestResponse","SubCategory":"Api","Path":"/chat"}
{"level":"info","ts":"2025-02-17T16:28:55.485+0330","msg":"","AppName":"myApp","LoggerName":"Zap","Latency":77.088393767,"Category":"RequestResponse","SubCategory":"Api","Path":"/ws"}
{"level":"info","ts":"2025-02-17T16:28:55.881+0330","msg":"","AppName":"myApp","LoggerName":"Zap","SubCategory":"Api","Path":"/api/claim","Latency":0.00016626,"Category":"RequestResponse"}
{"level":"info","ts":"2025-02-17T16:28:55.898+0330","msg":"","AppName":"myApp","LoggerName":"Zap","Path":"/ws2","Latency":0.00043921,"Category":"RequestResponse","SubCategory":"Api"}
{"level":"info","ts":"2025-02-17T16:28:55.988+0330","msg":"","AppName":"myApp","LoggerName":"Zap","Path":"/favicon.ico","Latency":0.000014414,"Category":"RequestResponse","SubCategory":"Api"}
{"level":"info","ts":"2025-02-17T16:28:56.003+0330","msg":"","AppName":"myApp","LoggerName":"Zap","Category":"RequestResponse","SubCategory":"Api","Path":"/api/users/active","Latency":0.003005979}
{"level":"info","ts":"2025-02-17T16:29:10.627+0330","msg":"result is:[user2]","AppName":"myApp","LoggerName":"Zap"}
{"level":"info","ts":"2025-02-17T16:29:19.136+0330","msg":"","AppName":"myApp","LoggerName":"Zap","Path":"/chat","Latency":0.001426049,"Category":"RequestResponse","SubCategory":"Api"}
{"level":"info","ts":"2025-02-17T16:29:19.176+0330","msg":"","AppName":"myApp","LoggerName":"Zap","Path":"/ws","Latency":23.29469819,"Category":"RequestResponse","SubCategory":"Api"}
{"level":"info","ts":"2025-02-17T16:29:19.571+0330","msg":"","AppName":"myApp","LoggerName":"Zap","Path":"/api/claim","Latency":0.000115581,"Category":"RequestResponse","SubCategory":"Api"}
{"level":"info","ts":"2025-02-17T16:29:19.585+0330","msg":"","AppName":"myApp","LoggerName":"Zap","SubCategory":"Api","Path":"/ws2","Latency":0.000334324,"Category":"RequestResponse"}
{"level":"info","ts":"2025-02-17T16:29:19.630+0330","msg":"","AppName":"myApp","LoggerName":"Zap","Path":"/favicon.ico","Latency":0.000018508,"Category":"RequestResponse","SubCategory":"Api"}
{"level":"info","ts":"2025-02-17T16:29:19.648+0330","msg":"","AppName":"myApp","LoggerName":"Zap","Latency":0.001679012,"Category":"RequestResponse","SubCategory":"Api","Path":"/api/users/active"}
{"level":"info","ts":"2025-02-17T16:29:49.524+0330","msg":"result is:[user1]","AppName":"myApp","LoggerName":"Zap"}
{"level":"info","ts":"2025-02-17T16:29:51.728+0330","msg":"result is:[user1]","AppName":"myApp","LoggerName":"Zap"}
{"level":"info","ts":"2025-02-17T16:29:54.059+0330","msg":"result is:[user1]","AppName":"myApp","LoggerName":"Zap"}
{"level":"info","ts":"2025-02-17T16:29:57.029+0330","msg":"result is:[user1]","AppName":"myApp","LoggerName":"Zap"}
