{"level":"info","ts":"2025-01-19T14:19:24.542+0330","msg":"Redis connected successfully","AppName":"myApp","LoggerName":"Zap","Category":"Redis","SubCategory":"Migration"}
{"level":"info","ts":"2025-01-19T14:19:24.553+0330","msg":"Postgres connected successfully","AppName":"myApp","LoggerName":"Zap","Category":"Postgres","SubCategory":"Migration"}
{"level":"info","ts":"2025-01-19T14:19:26.481+0330","msg":"","AppName":"myApp","LoggerName":"Zap","Path":"/chat","Latency":0.000712291,"Category":"RequestResponse","SubCategory":"Api"}
{"level":"info","ts":"2025-01-19T14:19:26.875+0330","msg":"","AppName":"myApp","LoggerName":"Zap","Path":"/api/claim","Latency":0.000639983,"Category":"RequestResponse","SubCategory":"Api"}
{"level":"info","ts":"2025-01-19T14:19:26.889+0330","msg":"","AppName":"myApp","LoggerName":"Zap","Path":"/favicon.ico","Latency":0.000018212,"Category":"RequestResponse","SubCategory":"Api"}
{"level":"info","ts":"2025-01-19T14:19:30.230+0330","msg":"","AppName":"myApp","LoggerName":"Zap","Path":"/chat","Latency":0.000555138,"Category":"RequestResponse","SubCategory":"Api"}
{"level":"info","ts":"2025-01-19T14:19:30.628+0330","msg":"","AppName":"myApp","LoggerName":"Zap","Category":"RequestResponse","SubCategory":"Api","Path":"/favicon.ico","Latency":0.000012869}
{"level":"info","ts":"2025-01-19T14:19:30.628+0330","msg":"","AppName":"myApp","LoggerName":"Zap","Path":"/api/claim","Latency":0.000076242,"Category":"RequestResponse","SubCategory":"Api"}
{"level":"info","ts":"2025-01-19T14:19:37.375+0330","msg":"","AppName":"myApp","LoggerName":"Zap","Path":"/chat","Latency":0.000717151,"Category":"RequestResponse","SubCategory":"Api"}
{"level":"info","ts":"2025-01-19T14:19:37.758+0330","msg":"","AppName":"myApp","LoggerName":"Zap","Path":"/api/claim","Latency":0.000097902,"Category":"RequestResponse","SubCategory":"Api"}
{"level":"info","ts":"2025-01-19T14:19:37.767+0330","msg":"","AppName":"myApp","LoggerName":"Zap","Path":"/favicon.ico","Latency":0.000482932,"Category":"RequestResponse","SubCategory":"Api"}
{"level":"info","ts":"2025-01-19T14:19:38.472+0330","msg":"","AppName":"myApp","LoggerName":"Zap","Path":"/chat","Latency":0.000997882,"Category":"RequestResponse","SubCategory":"Api"}
{"level":"info","ts":"2025-01-19T14:19:38.886+0330","msg":"","AppName":"myApp","LoggerName":"Zap","Path":"/api/claim","Latency":0.000085435,"Category":"RequestResponse","SubCategory":"Api"}
{"level":"info","ts":"2025-01-19T14:19:38.899+0330","msg":"","AppName":"myApp","LoggerName":"Zap","Path":"/favicon.ico","Latency":0.000017187,"Category":"RequestResponse","SubCategory":"Api"}
{"level":"info","ts":"2025-01-19T14:19:39.601+0330","msg":"","AppName":"myApp","LoggerName":"Zap","Path":"/chat","Latency":0.001966507,"Category":"RequestResponse","SubCategory":"Api"}
{"level":"info","ts":"2025-01-19T14:19:40.039+0330","msg":"","AppName":"myApp","LoggerName":"Zap","Path":"/api/claim","Latency":0.000071844,"Category":"RequestResponse","SubCategory":"Api"}
{"level":"info","ts":"2025-01-19T14:19:40.072+0330","msg":"","AppName":"myApp","LoggerName":"Zap","Category":"RequestResponse","SubCategory":"Api","Path":"/favicon.ico","Latency":0.000015591}
{"level":"info","ts":"2025-01-19T14:19:40.693+0330","msg":"","AppName":"myApp","LoggerName":"Zap","Path":"/chat","Latency":0.000739557,"Category":"RequestResponse","SubCategory":"Api"}
{"level":"info","ts":"2025-01-19T14:19:41.073+0330","msg":"","AppName":"myApp","LoggerName":"Zap","Path":"/api/claim","Latency":0.000186373,"Category":"RequestResponse","SubCategory":"Api"}
{"level":"info","ts":"2025-01-19T14:19:41.089+0330","msg":"","AppName":"myApp","LoggerName":"Zap","Path":"/favicon.ico","Latency":0.000116603,"Category":"RequestResponse","SubCategory":"Api"}
{"level":"info","ts":"2025-01-19T14:19:41.863+0330","msg":"","AppName":"myApp","LoggerName":"Zap","Path":"/chat","Latency":0.001181802,"Category":"RequestResponse","SubCategory":"Api"}
{"level":"info","ts":"2025-01-19T14:19:42.267+0330","msg":"","AppName":"myApp","LoggerName":"Zap","Path":"/api/claim","Latency":0.000339811,"Category":"RequestResponse","SubCategory":"Api"}
{"level":"info","ts":"2025-01-19T14:19:42.279+0330","msg":"","AppName":"myApp","LoggerName":"Zap","Latency":0.000016056,"Category":"RequestResponse","SubCategory":"Api","Path":"/favicon.ico"}
{"level":"info","ts":"2025-01-19T14:19:42.841+0330","msg":"","AppName":"myApp","LoggerName":"Zap","Category":"RequestResponse","SubCategory":"Api","Path":"/chat","Latency":0.000799938}
{"level":"info","ts":"2025-01-19T14:19:43.269+0330","msg":"","AppName":"myApp","LoggerName":"Zap","Path":"/api/claim","Latency":0.00007277,"Category":"RequestResponse","SubCategory":"Api"}
{"level":"info","ts":"2025-01-19T14:19:43.299+0330","msg":"","AppName":"myApp","LoggerName":"Zap","Latency":0.000418225,"Category":"RequestResponse","SubCategory":"Api","Path":"/favicon.ico"}
{"level":"info","ts":"2025-01-19T14:19:44.507+0330","msg":"","AppName":"myApp","LoggerName":"Zap","Category":"RequestResponse","SubCategory":"Api","Path":"/chat","Latency":0.001215746}
{"level":"info","ts":"2025-01-19T14:19:44.958+0330","msg":"","AppName":"myApp","LoggerName":"Zap","Path":"/api/claim","Latency":0.000065343,"Category":"RequestResponse","SubCategory":"Api"}
{"level":"info","ts":"2025-01-19T14:19:44.988+0330","msg":"","AppName":"myApp","LoggerName":"Zap","Category":"RequestResponse","SubCategory":"Api","Path":"/favicon.ico","Latency":0.000029285}
{"level":"info","ts":"2025-01-19T14:19:48.920+0330","msg":"","AppName":"myApp","LoggerName":"Zap","Latency":22.045932906,"Category":"RequestResponse","SubCategory":"Api","Path":"/ws"}
{"level":"info","ts":"2025-01-19T14:19:52.658+0330","msg":"","AppName":"myApp","LoggerName":"Zap","Path":"/ws","Latency":22.035009317,"Category":"RequestResponse","SubCategory":"Api"}
{"level":"info","ts":"2025-01-19T14:19:59.797+0330","msg":"","AppName":"myApp","LoggerName":"Zap","Path":"/ws","Latency":22.038063658,"Category":"RequestResponse","SubCategory":"Api"}
{"level":"info","ts":"2025-01-19T14:20:00.912+0330","msg":"","AppName":"myApp","LoggerName":"Zap","Path":"/ws","Latency":22.026156422,"Category":"RequestResponse","SubCategory":"Api"}
{"level":"info","ts":"2025-01-19T14:20:02.068+0330","msg":"","AppName":"myApp","LoggerName":"Zap","SubCategory":"Api","Path":"/ws","Latency":22.02801664,"Category":"RequestResponse"}
{"level":"info","ts":"2025-01-19T14:20:03.102+0330","msg":"","AppName":"myApp","LoggerName":"Zap","Category":"RequestResponse","SubCategory":"Api","Path":"/ws","Latency":22.028379468}
{"level":"info","ts":"2025-01-19T14:20:04.304+0330","msg":"","AppName":"myApp","LoggerName":"Zap","Latency":22.037407203,"Category":"RequestResponse","SubCategory":"Api","Path":"/ws"}
{"level":"info","ts":"2025-01-19T14:20:05.292+0330","msg":"","AppName":"myApp","LoggerName":"Zap","Latency":22.022879216,"Category":"RequestResponse","SubCategory":"Api","Path":"/ws"}
{"level":"info","ts":"2025-01-19T14:20:18.783+0330","msg":"","AppName":"myApp","LoggerName":"Zap","Category":"RequestResponse","SubCategory":"Api","Path":"/chat","Latency":0.00133453}
{"level":"info","ts":"2025-01-19T14:20:18.828+0330","msg":"","AppName":"myApp","LoggerName":"Zap","Path":"/ws","Latency":33.869777492,"Category":"RequestResponse","SubCategory":"Api"}
{"level":"info","ts":"2025-01-19T14:20:19.213+0330","msg":"","AppName":"myApp","LoggerName":"Zap","Path":"/api/claim","Latency":0.000064298,"Category":"RequestResponse","SubCategory":"Api"}
{"level":"info","ts":"2025-01-19T14:20:19.254+0330","msg":"","AppName":"myApp","LoggerName":"Zap","Path":"/favicon.ico","Latency":0.000018236,"Category":"RequestResponse","SubCategory":"Api"}
