{"level":"info","ts":"2025-01-19T14:14:03.808+0330","msg":"Redis connected successfully","AppName":"myApp","LoggerName":"Zap","Category":"Redis","SubCategory":"Migration"}
{"level":"info","ts":"2025-01-19T14:14:03.819+0330","msg":"Postgres connected successfully","AppName":"myApp","LoggerName":"Zap","Category":"Postgres","SubCategory":"Migration"}
{"level":"info","ts":"2025-01-19T14:14:05.356+0330","msg":"","AppName":"myApp","LoggerName":"Zap","Latency":0.000770452,"Category":"RequestResponse","SubCategory":"Api","Path":"/chat"}
{"level":"info","ts":"2025-01-19T14:14:05.745+0330","msg":"","AppName":"myApp","LoggerName":"Zap","Path":"/api/claim","Latency":0.000616219,"Category":"RequestResponse","SubCategory":"Api"}
{"level":"info","ts":"2025-01-19T14:14:05.760+0330","msg":"","AppName":"myApp","LoggerName":"Zap","SubCategory":"Api","Path":"/favicon.ico","Latency":0.000016246,"Category":"RequestResponse"}
{"level":"info","ts":"2025-01-19T14:14:10.587+0330","msg":"","AppName":"myApp","LoggerName":"Zap","Path":"/chat","Latency":0.000667513,"Category":"RequestResponse","SubCategory":"Api"}
{"level":"info","ts":"2025-01-19T14:14:10.593+0330","msg":"","AppName":"myApp","LoggerName":"Zap","Path":"/ws","Latency":4.848629412,"Category":"RequestResponse","SubCategory":"Api"}
{"level":"info","ts":"2025-01-19T14:14:11.036+0330","msg":"","AppName":"myApp","LoggerName":"Zap","Path":"/api/claim","Latency":0.000084889,"Category":"RequestResponse","SubCategory":"Api"}
{"level":"info","ts":"2025-01-19T14:14:11.036+0330","msg":"","AppName":"myApp","LoggerName":"Zap","Path":"/favicon.ico","Latency":0.000012781,"Category":"RequestResponse","SubCategory":"Api"}
{"level":"info","ts":"2025-01-19T14:14:38.195+0330","msg":"","AppName":"myApp","LoggerName":"Zap","Category":"RequestResponse","SubCategory":"Api","Path":"/chat","Latency":0.000633609}
{"level":"info","ts":"2025-01-19T14:14:38.201+0330","msg":"","AppName":"myApp","LoggerName":"Zap","SubCategory":"Api","Path":"/ws","Latency":27.202483097,"Category":"RequestResponse"}
{"level":"info","ts":"2025-01-19T14:14:38.591+0330","msg":"","AppName":"myApp","LoggerName":"Zap","Category":"RequestResponse","SubCategory":"Api","Path":"/api/claim","Latency":0.000104124}
{"level":"info","ts":"2025-01-19T14:14:38.610+0330","msg":"","AppName":"myApp","LoggerName":"Zap","Latency":0.000032092,"Category":"RequestResponse","SubCategory":"Api","Path":"/favicon.ico"}
{"level":"info","ts":"2025-01-19T14:14:39.697+0330","msg":"","AppName":"myApp","LoggerName":"Zap","Path":"/chat","Latency":0.000640273,"Category":"RequestResponse","SubCategory":"Api"}
{"level":"info","ts":"2025-01-19T14:14:39.702+0330","msg":"","AppName":"myApp","LoggerName":"Zap","Path":"/ws","Latency":1.111376585,"Category":"RequestResponse","SubCategory":"Api"}
{"level":"info","ts":"2025-01-19T14:14:40.082+0330","msg":"","AppName":"myApp","LoggerName":"Zap","Path":"/api/claim","Latency":0.00010418,"Category":"RequestResponse","SubCategory":"Api"}
{"level":"info","ts":"2025-01-19T14:14:40.084+0330","msg":"","AppName":"myApp","LoggerName":"Zap","Latency":0.000010356,"Category":"RequestResponse","SubCategory":"Api","Path":"/favicon.ico"}
{"level":"info","ts":"2025-01-19T14:14:40.819+0330","msg":"","AppName":"myApp","LoggerName":"Zap","Latency":0.000996818,"Category":"RequestResponse","SubCategory":"Api","Path":"/chat"}
{"level":"info","ts":"2025-01-19T14:14:40.834+0330","msg":"","AppName":"myApp","LoggerName":"Zap","Category":"RequestResponse","SubCategory":"Api","Path":"/ws","Latency":0.757685328}
{"level":"info","ts":"2025-01-19T14:14:41.239+0330","msg":"","AppName":"myApp","LoggerName":"Zap","SubCategory":"Api","Path":"/api/claim","Latency":0.000072724,"Category":"RequestResponse"}
{"level":"info","ts":"2025-01-19T14:14:41.248+0330","msg":"","AppName":"myApp","LoggerName":"Zap","Category":"RequestResponse","SubCategory":"Api","Path":"/favicon.ico","Latency":0.000087116}
{"level":"info","ts":"2025-01-19T14:14:41.881+0330","msg":"","AppName":"myApp","LoggerName":"Zap","SubCategory":"Api","Path":"/chat","Latency":0.000700013,"Category":"RequestResponse"}
{"level":"info","ts":"2025-01-19T14:14:41.888+0330","msg":"","AppName":"myApp","LoggerName":"Zap","Latency":0.648460192,"Category":"RequestResponse","SubCategory":"Api","Path":"/ws"}
{"level":"info","ts":"2025-01-19T14:14:42.315+0330","msg":"","AppName":"myApp","LoggerName":"Zap","Path":"/api/claim","Latency":0.000071157,"Category":"RequestResponse","SubCategory":"Api"}
{"level":"info","ts":"2025-01-19T14:14:42.346+0330","msg":"","AppName":"myApp","LoggerName":"Zap","Category":"RequestResponse","SubCategory":"Api","Path":"/favicon.ico","Latency":0.000014387}
{"level":"info","ts":"2025-01-19T14:14:42.890+0330","msg":"","AppName":"myApp","LoggerName":"Zap","Path":"/chat","Latency":0.000707042,"Category":"RequestResponse","SubCategory":"Api"}
{"level":"info","ts":"2025-01-19T14:14:42.903+0330","msg":"","AppName":"myApp","LoggerName":"Zap","Latency":0.587708615,"Category":"RequestResponse","SubCategory":"Api","Path":"/ws"}
{"level":"info","ts":"2025-01-19T14:14:43.273+0330","msg":"","AppName":"myApp","LoggerName":"Zap","Path":"/api/claim","Latency":0.000085645,"Category":"RequestResponse","SubCategory":"Api"}
{"level":"info","ts":"2025-01-19T14:14:43.280+0330","msg":"","AppName":"myApp","LoggerName":"Zap","Category":"RequestResponse","SubCategory":"Api","Path":"/favicon.ico","Latency":0.000016245}
{"level":"info","ts":"2025-01-19T14:14:43.747+0330","msg":"","AppName":"myApp","LoggerName":"Zap","Path":"/chat","Latency":0.000444104,"Category":"RequestResponse","SubCategory":"Api"}
{"level":"info","ts":"2025-01-19T14:14:43.752+0330","msg":"","AppName":"myApp","LoggerName":"Zap","Latency":0.480493555,"Category":"RequestResponse","SubCategory":"Api","Path":"/ws"}
{"level":"info","ts":"2025-01-19T14:14:44.125+0330","msg":"","AppName":"myApp","LoggerName":"Zap","Category":"RequestResponse","SubCategory":"Api","Path":"/api/claim","Latency":0.000069848}
{"level":"info","ts":"2025-01-19T14:14:44.135+0330","msg":"","AppName":"myApp","LoggerName":"Zap","Path":"/favicon.ico","Latency":0.000028422,"Category":"RequestResponse","SubCategory":"Api"}
{"level":"info","ts":"2025-01-19T14:14:44.658+0330","msg":"","AppName":"myApp","LoggerName":"Zap","Path":"/chat","Latency":0.000918177,"Category":"RequestResponse","SubCategory":"Api"}
{"level":"info","ts":"2025-01-19T14:14:44.672+0330","msg":"","AppName":"myApp","LoggerName":"Zap","Path":"/ws","Latency":0.547008072,"Category":"RequestResponse","SubCategory":"Api"}
{"level":"info","ts":"2025-01-19T14:14:45.060+0330","msg":"","AppName":"myApp","LoggerName":"Zap","SubCategory":"Api","Path":"/api/claim","Latency":0.000133114,"Category":"RequestResponse"}
{"level":"info","ts":"2025-01-19T14:14:45.088+0330","msg":"","AppName":"myApp","LoggerName":"Zap","Category":"RequestResponse","SubCategory":"Api","Path":"/favicon.ico","Latency":0.000014388}
{"level":"info","ts":"2025-01-19T14:14:45.592+0330","msg":"","AppName":"myApp","LoggerName":"Zap","Path":"/chat","Latency":0.000560251,"Category":"RequestResponse","SubCategory":"Api"}
{"level":"info","ts":"2025-01-19T14:14:45.603+0330","msg":"","AppName":"myApp","LoggerName":"Zap","Path":"/ws","Latency":0.54340366,"Category":"RequestResponse","SubCategory":"Api"}
{"level":"info","ts":"2025-01-19T14:14:45.975+0330","msg":"","AppName":"myApp","LoggerName":"Zap","Path":"/api/claim","Latency":0.000659827,"Category":"RequestResponse","SubCategory":"Api"}
{"level":"info","ts":"2025-01-19T14:14:45.988+0330","msg":"","AppName":"myApp","LoggerName":"Zap","Path":"/favicon.ico","Latency":0.000017215,"Category":"RequestResponse","SubCategory":"Api"}
