{"level":"info","ts":"2025-01-26T15:29:11.298+0330","msg":"Redis connected successfully","AppName":"myApp","LoggerName":"Zap","SubCategory":"Migration","Category":"Redis"}
{"level":"info","ts":"2025-01-26T15:29:11.307+0330","msg":"Postgres connected successfully","AppName":"myApp","LoggerName":"Zap","SubCategory":"Migration","Category":"Postgres"}
{"level":"info","ts":"2025-01-26T15:29:15.103+0330","msg":"","AppName":"myApp","LoggerName":"Zap","Path":"/chat","Latency":0.000758152,"Category":"RequestResponse","SubCategory":"Api"}
{"level":"info","ts":"2025-01-26T15:29:16.246+0330","msg":"","AppName":"myApp","LoggerName":"Zap","Path":"/api/claim","Latency":0.000121836,"Category":"RequestResponse","SubCategory":"Api"}
{"level":"info","ts":"2025-01-26T15:29:16.284+0330","msg":"","AppName":"myApp","LoggerName":"Zap","Path":"/favicon.ico","Latency":0.000017528,"Category":"RequestResponse","SubCategory":"Api"}
{"level":"info","ts":"2025-01-26T15:29:34.867+0330","msg":"","AppName":"myApp","LoggerName":"Zap","Category":"RequestResponse","SubCategory":"Api","Path":"/login","Latency":0.000280636}
{"level":"info","ts":"2025-01-26T15:29:34.915+0330","msg":"","AppName":"myApp","LoggerName":"Zap","Path":"/ws","Latency":18.668436537,"Category":"RequestResponse","SubCategory":"Api"}
{"level":"info","ts":"2025-01-26T15:29:39.233+0330","msg":"","AppName":"myApp","LoggerName":"Zap","Path":"/api/42/delete","Latency":0.03649814,"Category":"RequestResponse","SubCategory":"Api"}
{"level":"info","ts":"2025-01-26T15:29:41.038+0330","msg":"","AppName":"myApp","LoggerName":"Zap","Latency":0.000024299,"Category":"RequestResponse","SubCategory":"Api","Path":"/favicon.ico"}
{"level":"info","ts":"2025-01-26T15:29:48.809+0330","msg":"","AppName":"myApp","LoggerName":"Zap","Latency":0.096607969,"Category":"RequestResponse","SubCategory":"Api","Path":"/up-login"}
{"level":"info","ts":"2025-01-26T15:29:50.139+0330","msg":"","AppName":"myApp","LoggerName":"Zap","Path":"/chat","Latency":0.001898179,"Category":"RequestResponse","SubCategory":"Api"}
{"level":"info","ts":"2025-01-26T15:29:50.728+0330","msg":"","AppName":"myApp","LoggerName":"Zap","Category":"RequestResponse","SubCategory":"Api","Path":"/chat","Latency":0.000886023}
{"level":"info","ts":"2025-01-26T15:29:51.162+0330","msg":"","AppName":"myApp","LoggerName":"Zap","SubCategory":"Api","Path":"/api/claim","Latency":0.000062891,"Category":"RequestResponse"}
{"level":"info","ts":"2025-01-26T15:29:51.211+0330","msg":"","AppName":"myApp","LoggerName":"Zap","Path":"/favicon.ico","Latency":0.000012816,"Category":"RequestResponse","SubCategory":"Api"}
{"level":"info","ts":"2025-01-26T15:30:34.421+0330","msg":"","AppName":"myApp","LoggerName":"Zap","Path":"/chat","Latency":0.000851845,"Category":"RequestResponse","SubCategory":"Api"}
{"level":"info","ts":"2025-01-26T15:30:34.432+0330","msg":"","AppName":"myApp","LoggerName":"Zap","SubCategory":"Api","Path":"/ws","Latency":43.26912115,"Category":"RequestResponse"}
{"level":"info","ts":"2025-01-26T15:30:34.586+0330","msg":"","AppName":"myApp","LoggerName":"Zap","Path":"/favicon.ico","Latency":0.000016983,"Category":"RequestResponse","SubCategory":"Api"}
{"level":"info","ts":"2025-01-26T15:30:39.419+0330","msg":"","AppName":"myApp","LoggerName":"Zap","Path":"/login","Latency":0.000221236,"Category":"RequestResponse","SubCategory":"Api"}
{"level":"info","ts":"2025-01-26T15:30:44.875+0330","msg":"","AppName":"myApp","LoggerName":"Zap","Path":"/favicon.ico","Latency":0.00001369,"Category":"RequestResponse","SubCategory":"Api"}
{"level":"info","ts":"2025-01-26T15:30:47.382+0330","msg":"","AppName":"myApp","LoggerName":"Zap","Path":"/up-login","Latency":0.092755831,"Category":"RequestResponse","SubCategory":"Api"}
{"level":"info","ts":"2025-01-26T15:30:48.777+0330","msg":"","AppName":"myApp","LoggerName":"Zap","Category":"RequestResponse","SubCategory":"Api","Path":"/chat","Latency":0.000853643}
{"level":"info","ts":"2025-01-26T15:30:49.359+0330","msg":"","AppName":"myApp","LoggerName":"Zap","Path":"/chat","Latency":0.001136444,"Category":"RequestResponse","SubCategory":"Api"}
{"level":"info","ts":"2025-01-26T15:30:49.779+0330","msg":"","AppName":"myApp","LoggerName":"Zap","Latency":0.000118433,"Category":"RequestResponse","SubCategory":"Api","Path":"/api/claim"}
{"level":"info","ts":"2025-01-26T15:30:49.816+0330","msg":"","AppName":"myApp","LoggerName":"Zap","Latency":0.000044087,"Category":"RequestResponse","SubCategory":"Api","Path":"/favicon.ico"}
{"level":"info","ts":"2025-01-26T15:31:25.316+0330","msg":"","AppName":"myApp","LoggerName":"Zap","Latency":0.021362405,"Category":"RequestResponse","SubCategory":"Api","Path":"/api/4/delete"}
{"level":"info","ts":"2025-01-26T15:39:53.220+0330","msg":"","AppName":"myApp","LoggerName":"Zap","Path":"/chat","Latency":0.000995067,"Category":"RequestResponse","SubCategory":"Api"}
{"level":"info","ts":"2025-01-26T15:39:53.237+0330","msg":"","AppName":"myApp","LoggerName":"Zap","Path":"/ws","Latency":543.457206992,"Category":"RequestResponse","SubCategory":"Api"}
{"level":"info","ts":"2025-01-26T15:39:54.396+0330","msg":"","AppName":"myApp","LoggerName":"Zap","SubCategory":"Api","Path":"/api/claim","Latency":0.000069803,"Category":"RequestResponse"}
{"level":"info","ts":"2025-01-26T15:39:54.428+0330","msg":"","AppName":"myApp","LoggerName":"Zap","Path":"/favicon.ico","Latency":0.000014907,"Category":"RequestResponse","SubCategory":"Api"}
{"level":"info","ts":"2025-01-26T15:40:02.895+0330","msg":"","AppName":"myApp","LoggerName":"Zap","SubCategory":"Api","Path":"/api/3/delete","Latency":0.008496796,"Category":"RequestResponse"}
{"level":"info","ts":"2025-01-26T15:40:06.777+0330","msg":"","AppName":"myApp","LoggerName":"Zap","Path":"/api/3/delete","Latency":0.009348225,"Category":"RequestResponse","SubCategory":"Api"}
{"level":"info","ts":"2025-01-26T15:40:09.543+0330","msg":"","AppName":"myApp","LoggerName":"Zap","Path":"/chat","Latency":0.001210473,"Category":"RequestResponse","SubCategory":"Api"}
{"level":"info","ts":"2025-01-26T15:40:09.549+0330","msg":"","AppName":"myApp","LoggerName":"Zap","Path":"/ws","Latency":15.153422257,"Category":"RequestResponse","SubCategory":"Api"}
{"level":"info","ts":"2025-01-26T15:40:09.929+0330","msg":"","AppName":"myApp","LoggerName":"Zap","Path":"/api/claim","Latency":0.000062548,"Category":"RequestResponse","SubCategory":"Api"}
{"level":"info","ts":"2025-01-26T15:40:09.961+0330","msg":"","AppName":"myApp","LoggerName":"Zap","Path":"/favicon.ico","Latency":0.000044786,"Category":"RequestResponse","SubCategory":"Api"}
{"level":"info","ts":"2025-01-26T15:40:37.073+0330","msg":"","AppName":"myApp","LoggerName":"Zap","Path":"/chat","Latency":0.000969387,"Category":"RequestResponse","SubCategory":"Api"}
{"level":"info","ts":"2025-01-26T15:40:37.080+0330","msg":"","AppName":"myApp","LoggerName":"Zap","SubCategory":"Api","Path":"/ws","Latency":27.149907279,"Category":"RequestResponse"}
{"level":"info","ts":"2025-01-26T15:40:37.461+0330","msg":"","AppName":"myApp","LoggerName":"Zap","Category":"RequestResponse","SubCategory":"Api","Path":"/api/claim","Latency":0.000089602}
{"level":"info","ts":"2025-01-26T15:40:37.482+0330","msg":"","AppName":"myApp","LoggerName":"Zap","Path":"/favicon.ico","Latency":0.000020364,"Category":"RequestResponse","SubCategory":"Api"}
{"level":"info","ts":"2025-01-26T15:41:07.018+0330","msg":"","AppName":"myApp","LoggerName":"Zap","Path":"/api/43/delete","Latency":0.017778431,"Category":"RequestResponse","SubCategory":"Api"}
{"level":"info","ts":"2025-01-26T15:41:17.750+0330","msg":"","AppName":"myApp","LoggerName":"Zap","Path":"/api/43/delete","Latency":0.01087258,"Category":"RequestResponse","SubCategory":"Api"}
{"level":"info","ts":"2025-01-26T15:41:22.351+0330","msg":"","AppName":"myApp","LoggerName":"Zap","Path":"/chat","Latency":0.000997042,"Category":"RequestResponse","SubCategory":"Api"}
{"level":"info","ts":"2025-01-26T15:41:22.357+0330","msg":"","AppName":"myApp","LoggerName":"Zap","Latency":44.895772187,"Category":"RequestResponse","SubCategory":"Api","Path":"/ws"}
{"level":"info","ts":"2025-01-26T15:41:22.745+0330","msg":"","AppName":"myApp","LoggerName":"Zap","Path":"/api/claim","Latency":0.000078625,"Category":"RequestResponse","SubCategory":"Api"}
{"level":"info","ts":"2025-01-26T15:41:22.793+0330","msg":"","AppName":"myApp","LoggerName":"Zap","Path":"/favicon.ico","Latency":0.00001908,"Category":"RequestResponse","SubCategory":"Api"}
{"level":"info","ts":"2025-01-26T15:42:49.212+0330","msg":"","AppName":"myApp","LoggerName":"Zap","Path":"/chat","Latency":0.001838758,"Category":"RequestResponse","SubCategory":"Api"}
{"level":"info","ts":"2025-01-26T15:42:49.218+0330","msg":"","AppName":"myApp","LoggerName":"Zap","Path":"/ws","Latency":86.47306971,"Category":"RequestResponse","SubCategory":"Api"}
{"level":"info","ts":"2025-01-26T15:42:49.665+0330","msg":"","AppName":"myApp","LoggerName":"Zap","Path":"/api/claim","Latency":0.000096111,"Category":"RequestResponse","SubCategory":"Api"}
{"level":"info","ts":"2025-01-26T15:42:49.712+0330","msg":"","AppName":"myApp","LoggerName":"Zap","Latency":0.000017247,"Category":"RequestResponse","SubCategory":"Api","Path":"/favicon.ico"}
{"level":"info","ts":"2025-01-26T15:45:36.615+0330","msg":"","AppName":"myApp","LoggerName":"Zap","Path":"/chat","Latency":0.001136084,"Category":"RequestResponse","SubCategory":"Api"}
{"level":"info","ts":"2025-01-26T15:45:36.623+0330","msg":"","AppName":"myApp","LoggerName":"Zap","SubCategory":"Api","Path":"/ws","Latency":166.964843024,"Category":"RequestResponse"}
{"level":"info","ts":"2025-01-26T15:45:37.740+0330","msg":"","AppName":"myApp","LoggerName":"Zap","Path":"/api/claim","Latency":0.000072499,"Category":"RequestResponse","SubCategory":"Api"}
{"level":"info","ts":"2025-01-26T15:45:37.780+0330","msg":"","AppName":"myApp","LoggerName":"Zap","Path":"/favicon.ico","Latency":0.000015463,"Category":"RequestResponse","SubCategory":"Api"}
{"level":"info","ts":"2025-01-26T15:46:19.123+0330","msg":"","AppName":"myApp","LoggerName":"Zap","Path":"/chat","Latency":0.002518401,"Category":"RequestResponse","SubCategory":"Api"}
{"level":"info","ts":"2025-01-26T15:46:19.133+0330","msg":"","AppName":"myApp","LoggerName":"Zap","Path":"/ws","Latency":41.393268771,"Category":"RequestResponse","SubCategory":"Api"}
{"level":"info","ts":"2025-01-26T15:46:19.604+0330","msg":"","AppName":"myApp","LoggerName":"Zap","Category":"RequestResponse","SubCategory":"Api","Path":"/api/claim","Latency":0.000076046}
{"level":"info","ts":"2025-01-26T15:46:19.648+0330","msg":"","AppName":"myApp","LoggerName":"Zap","Path":"/favicon.ico","Latency":0.00002565,"Category":"RequestResponse","SubCategory":"Api"}
