{"level":"info","ts":"2025-02-05T16:34:50.354+0330","msg":"Redis connected successfully","AppName":"myApp","LoggerName":"Zap","Category":"Redis","SubCategory":"Migration"}
{"level":"info","ts":"2025-02-05T16:34:50.362+0330","msg":"Postgres connected successfully","AppName":"myApp","LoggerName":"Zap","Category":"Postgres","SubCategory":"Migration"}
{"level":"info","ts":"2025-02-05T16:34:52.623+0330","msg":"","AppName":"myApp","LoggerName":"Zap","Path":"/chat","Latency":0.000905297,"Category":"RequestResponse","SubCategory":"Api"}
{"level":"info","ts":"2025-02-05T16:34:53.472+0330","msg":"","AppName":"myApp","LoggerName":"Zap","Latency":0.000189899,"Category":"RequestResponse","SubCategory":"Api","Path":"/api/claim"}
{"level":"info","ts":"2025-02-05T16:34:53.480+0330","msg":"","AppName":"myApp","LoggerName":"Zap","Category":"RequestResponse","SubCategory":"Api","Path":"/favicon.ico","Latency":0.000011756}
{"level":"info","ts":"2025-02-05T16:34:53.531+0330","msg":"","AppName":"myApp","LoggerName":"Zap","Latency":0.027159602,"Category":"RequestResponse","SubCategory":"Api","Path":"/api/users/active"}
{"level":"info","ts":"2025-02-05T16:37:17.657+0330","msg":"data set successfully","AppName":"myApp","LoggerName":"Zap","Category":"Internal","SubCategory":"Insert"}
{"level":"info","ts":"2025-02-05T16:37:21.813+0330","msg":"","AppName":"myApp","LoggerName":"Zap","Path":"/chat","Latency":0.001109491,"Category":"RequestResponse","SubCategory":"Api"}
{"level":"info","ts":"2025-02-05T16:37:21.821+0330","msg":"","AppName":"myApp","LoggerName":"Zap","SubCategory":"Api","Path":"/ws","Latency":148.345463015,"Category":"RequestResponse"}
{"level":"info","ts":"2025-02-05T16:37:22.710+0330","msg":"","AppName":"myApp","LoggerName":"Zap","Path":"/api/claim","Latency":0.000094152,"Category":"RequestResponse","SubCategory":"Api"}
{"level":"info","ts":"2025-02-05T16:37:22.713+0330","msg":"","AppName":"myApp","LoggerName":"Zap","Path":"/favicon.ico","Latency":0.00001411,"Category":"RequestResponse","SubCategory":"Api"}
{"level":"info","ts":"2025-02-05T16:37:22.755+0330","msg":"","AppName":"myApp","LoggerName":"Zap","Path":"/api/users/active","Latency":0.007405538,"Category":"RequestResponse","SubCategory":"Api"}
{"level":"info","ts":"2025-02-05T16:37:49.542+0330","msg":"","AppName":"myApp","LoggerName":"Zap","Path":"/chat","Latency":0.000974826,"Category":"RequestResponse","SubCategory":"Api"}
{"level":"info","ts":"2025-02-05T16:37:49.549+0330","msg":"","AppName":"myApp","LoggerName":"Zap","Path":"/ws","Latency":26.839160493,"Category":"RequestResponse","SubCategory":"Api"}
{"level":"info","ts":"2025-02-05T16:37:49.626+0330","msg":"","AppName":"myApp","LoggerName":"Zap","Path":"/api/claim","Latency":0.000469547,"Category":"RequestResponse","SubCategory":"Api"}
{"level":"info","ts":"2025-02-05T16:37:49.631+0330","msg":"","AppName":"myApp","LoggerName":"Zap","Path":"/favicon.ico","Latency":0.00001552,"Category":"RequestResponse","SubCategory":"Api"}
{"level":"info","ts":"2025-02-05T16:37:49.664+0330","msg":"","AppName":"myApp","LoggerName":"Zap","SubCategory":"Api","Path":"/api/users/active","Latency":0.01874354,"Category":"RequestResponse"}
{"level":"info","ts":"2025-02-05T16:38:50.877+0330","msg":"","AppName":"myApp","LoggerName":"Zap","Path":"/chat","Latency":0.000882629,"Category":"RequestResponse","SubCategory":"Api"}
{"level":"info","ts":"2025-02-05T16:38:52.055+0330","msg":"","AppName":"myApp","LoggerName":"Zap","Path":"/api/claim","Latency":0.000078174,"Category":"RequestResponse","SubCategory":"Api"}
{"level":"info","ts":"2025-02-05T16:38:52.070+0330","msg":"","AppName":"myApp","LoggerName":"Zap","Path":"/favicon.ico","Latency":0.000063129,"Category":"RequestResponse","SubCategory":"Api"}
{"level":"info","ts":"2025-02-05T16:38:52.103+0330","msg":"","AppName":"myApp","LoggerName":"Zap","Path":"/api/users/active","Latency":0.001975616,"Category":"RequestResponse","SubCategory":"Api"}
