{"level":"info","ts":"2025-01-19T10:06:20.182+0330","msg":"Redis connected successfully","AppName":"myApp","LoggerName":"Zap","Category":"Redis","SubCategory":"Migration"}
{"level":"info","ts":"2025-01-19T10:06:20.192+0330","msg":"Postgres connected successfully","AppName":"myApp","LoggerName":"Zap","SubCategory":"Migration","Category":"Postgres"}
{"level":"info","ts":"2025-01-19T10:06:31.569+0330","msg":"","AppName":"myApp","LoggerName":"Zap","Path":"/favicon.ico","Latency":0.000024712,"Category":"RequestResponse","SubCategory":"Api"}
{"level":"info","ts":"2025-01-19T10:06:34.455+0330","msg":"","AppName":"myApp","LoggerName":"Zap","Path":"/up-login","Latency":0.103527347,"Category":"RequestResponse","SubCategory":"Api"}
{"level":"info","ts":"2025-01-19T10:06:35.831+0330","msg":"","AppName":"myApp","LoggerName":"Zap","Path":"/chat","Latency":0.000670514,"Category":"RequestResponse","SubCategory":"Api"}
{"level":"info","ts":"2025-01-19T10:06:36.555+0330","msg":"","AppName":"myApp","LoggerName":"Zap","Path":"/chat","Latency":0.000278743,"Category":"RequestResponse","SubCategory":"Api"}
{"level":"info","ts":"2025-01-19T10:06:36.970+0330","msg":"","AppName":"myApp","LoggerName":"Zap","Category":"RequestResponse","SubCategory":"Api","Path":"/api/claim","Latency":0.000104632}
{"level":"info","ts":"2025-01-19T10:06:36.983+0330","msg":"","AppName":"myApp","LoggerName":"Zap","Path":"/favicon.ico","Latency":0.000015593,"Category":"RequestResponse","SubCategory":"Api"}
{"level":"info","ts":"2025-01-19T10:06:59.785+0330","msg":"","AppName":"myApp","LoggerName":"Zap","Path":"/login","Latency":0.000313817,"Category":"RequestResponse","SubCategory":"Api"}
{"level":"info","ts":"2025-01-19T10:07:01.054+0330","msg":"","AppName":"myApp","LoggerName":"Zap","Latency":0.000014933,"Category":"RequestResponse","SubCategory":"Api","Path":"/favicon.ico"}
{"level":"info","ts":"2025-01-19T10:07:06.047+0330","msg":"","AppName":"myApp","LoggerName":"Zap","SubCategory":"Api","Path":"/up-login","Latency":0.09141316,"Category":"RequestResponse"}
{"level":"info","ts":"2025-01-19T10:07:07.125+0330","msg":"","AppName":"myApp","LoggerName":"Zap","Path":"/chat","Latency":0.000277578,"Category":"RequestResponse","SubCategory":"Api"}
{"level":"info","ts":"2025-01-19T10:07:07.643+0330","msg":"","AppName":"myApp","LoggerName":"Zap","Path":"/chat","Latency":0.000247059,"Category":"RequestResponse","SubCategory":"Api"}
{"level":"info","ts":"2025-01-19T10:07:07.966+0330","msg":"","AppName":"myApp","LoggerName":"Zap","Path":"/api/claim","Latency":0.000230089,"Category":"RequestResponse","SubCategory":"Api"}
{"level":"info","ts":"2025-01-19T10:07:08.023+0330","msg":"","AppName":"myApp","LoggerName":"Zap","Latency":0.000013244,"Category":"RequestResponse","SubCategory":"Api","Path":"/favicon.ico"}
{"level":"info","ts":"2025-01-19T10:07:41.396+0330","msg":"","AppName":"myApp","LoggerName":"Zap","Category":"RequestResponse","SubCategory":"Api","Path":"/chat","Latency":0.000349363}
{"level":"info","ts":"2025-01-19T10:07:41.402+0330","msg":"","AppName":"myApp","LoggerName":"Zap","Path":"/ws","Latency":64.437549329,"Category":"RequestResponse","SubCategory":"Api"}
{"level":"info","ts":"2025-01-19T10:07:41.790+0330","msg":"","AppName":"myApp","LoggerName":"Zap","SubCategory":"Api","Path":"/api/claim","Latency":0.000085882,"Category":"RequestResponse"}
{"level":"info","ts":"2025-01-19T10:07:41.799+0330","msg":"","AppName":"myApp","LoggerName":"Zap","Category":"RequestResponse","SubCategory":"Api","Path":"/favicon.ico","Latency":0.000033421}
{"level":"info","ts":"2025-01-19T10:07:44.123+0330","msg":"","AppName":"myApp","LoggerName":"Zap","Path":"/chat","Latency":0.000346969,"Category":"RequestResponse","SubCategory":"Api"}
{"level":"info","ts":"2025-01-19T10:07:44.129+0330","msg":"","AppName":"myApp","LoggerName":"Zap","SubCategory":"Api","Path":"/ws","Latency":2.337882505,"Category":"RequestResponse"}
{"level":"info","ts":"2025-01-19T10:07:44.538+0330","msg":"","AppName":"myApp","LoggerName":"Zap","Path":"/api/claim","Latency":0.000074241,"Category":"RequestResponse","SubCategory":"Api"}
{"level":"info","ts":"2025-01-19T10:07:44.556+0330","msg":"","AppName":"myApp","LoggerName":"Zap","Path":"/favicon.ico","Latency":0.000016333,"Category":"RequestResponse","SubCategory":"Api"}
{"level":"info","ts":"2025-01-19T10:08:16.722+0330","msg":"","AppName":"myApp","LoggerName":"Zap","Category":"RequestResponse","SubCategory":"Api","Path":"/chat","Latency":0.001656045}
{"level":"info","ts":"2025-01-19T10:08:18.329+0330","msg":"","AppName":"myApp","LoggerName":"Zap","Path":"/favicon.ico","Latency":0.000010945,"Category":"RequestResponse","SubCategory":"Api"}
{"level":"info","ts":"2025-01-19T10:08:30.636+0330","msg":"","AppName":"myApp","LoggerName":"Zap","Category":"RequestResponse","SubCategory":"Api","Path":"/login","Latency":0.00030227}
{"level":"info","ts":"2025-01-19T10:08:31.164+0330","msg":"","AppName":"myApp","LoggerName":"Zap","Path":"/favicon.ico","Latency":0.000032973,"Category":"RequestResponse","SubCategory":"Api"}
{"level":"info","ts":"2025-01-19T10:08:47.473+0330","msg":"","AppName":"myApp","LoggerName":"Zap","Path":"/up-login","Latency":0.093742813,"Category":"RequestResponse","SubCategory":"Api"}
{"level":"info","ts":"2025-01-19T10:08:48.916+0330","msg":"","AppName":"myApp","LoggerName":"Zap","SubCategory":"Api","Path":"/chat","Latency":0.000467799,"Category":"RequestResponse"}
{"level":"info","ts":"2025-01-19T10:08:49.469+0330","msg":"","AppName":"myApp","LoggerName":"Zap","Path":"/chat","Latency":0.000468161,"Category":"RequestResponse","SubCategory":"Api"}
{"level":"info","ts":"2025-01-19T10:08:49.921+0330","msg":"","AppName":"myApp","LoggerName":"Zap","Latency":0.000078916,"Category":"RequestResponse","SubCategory":"Api","Path":"/api/claim"}
{"level":"info","ts":"2025-01-19T10:08:49.984+0330","msg":"","AppName":"myApp","LoggerName":"Zap","Path":"/favicon.ico","Latency":0.000016516,"Category":"RequestResponse","SubCategory":"Api"}
{"level":"info","ts":"2025-01-19T10:08:57.418+0330","msg":"","AppName":"myApp","LoggerName":"Zap","Path":"/ws","Latency":72.884800159,"Category":"RequestResponse","SubCategory":"Api"}
{"level":"info","ts":"2025-01-19T10:09:07.665+0330","msg":"","AppName":"myApp","LoggerName":"Zap","SubCategory":"Api","Path":"/chat","Latency":0.000357392,"Category":"RequestResponse"}
{"level":"info","ts":"2025-01-19T10:09:07.674+0330","msg":"","AppName":"myApp","LoggerName":"Zap","Path":"/ws","Latency":17.750341132,"Category":"RequestResponse","SubCategory":"Api"}
{"level":"info","ts":"2025-01-19T10:09:07.937+0330","msg":"","AppName":"myApp","LoggerName":"Zap","Category":"RequestResponse","SubCategory":"Api","Path":"/api/claim","Latency":0.000146131}
{"level":"info","ts":"2025-01-19T10:09:07.949+0330","msg":"","AppName":"myApp","LoggerName":"Zap","Latency":0.000017843,"Category":"RequestResponse","SubCategory":"Api","Path":"/favicon.ico"}
{"level":"info","ts":"2025-01-19T10:09:33.003+0330","msg":"","AppName":"myApp","LoggerName":"Zap","Path":"/chat","Latency":0.000222363,"Category":"RequestResponse","SubCategory":"Api"}
{"level":"info","ts":"2025-01-19T10:09:33.010+0330","msg":"","AppName":"myApp","LoggerName":"Zap","SubCategory":"Api","Path":"/ws","Latency":25.069371176,"Category":"RequestResponse"}
{"level":"info","ts":"2025-01-19T10:09:33.291+0330","msg":"","AppName":"myApp","LoggerName":"Zap","Latency":0.000081113,"Category":"RequestResponse","SubCategory":"Api","Path":"/api/claim"}
{"level":"info","ts":"2025-01-19T10:09:33.358+0330","msg":"","AppName":"myApp","LoggerName":"Zap","Category":"RequestResponse","SubCategory":"Api","Path":"/favicon.ico","Latency":0.000011988}
{"level":"info","ts":"2025-01-19T10:09:36.358+0330","msg":"","AppName":"myApp","LoggerName":"Zap","Latency":0.000259389,"Category":"RequestResponse","SubCategory":"Api","Path":"/chat"}
{"level":"info","ts":"2025-01-19T10:09:36.373+0330","msg":"","AppName":"myApp","LoggerName":"Zap","Path":"/ws","Latency":148.409703039,"Category":"RequestResponse","SubCategory":"Api"}
{"level":"info","ts":"2025-01-19T10:09:36.781+0330","msg":"","AppName":"myApp","LoggerName":"Zap","Path":"/api/claim","Latency":0.000086849,"Category":"RequestResponse","SubCategory":"Api"}
{"level":"info","ts":"2025-01-19T10:09:36.790+0330","msg":"","AppName":"myApp","LoggerName":"Zap","Path":"/favicon.ico","Latency":0.000013713,"Category":"RequestResponse","SubCategory":"Api"}
