{"level":"info","ts":"2025-01-15T16:06:37.722+0330","msg":"Redis connected successfully","AppName":"myApp","LoggerName":"Zap","Category":"Redis","SubCategory":"Migration"}
{"level":"info","ts":"2025-01-15T16:06:37.789+0330","msg":"Postgres connected successfully","AppName":"myApp","LoggerName":"Zap","Category":"Postgres","SubCategory":"Migration"}
{"level":"info","ts":"2025-01-15T16:06:40.769+0330","msg":"","AppName":"myApp","LoggerName":"Zap","SubCategory":"Api","Path":"/swagger/index.html","Latency":0.008322565,"Category":"RequestResponse"}
{"level":"info","ts":"2025-01-15T16:06:40.833+0330","msg":"","AppName":"myApp","LoggerName":"Zap","Latency":0.02417742,"Category":"RequestResponse","SubCategory":"Api","Path":"/swagger/swagger-ui.css"}
{"level":"info","ts":"2025-01-15T16:06:40.846+0330","msg":"","AppName":"myApp","LoggerName":"Zap","SubCategory":"Api","Path":"/swagger/swagger-ui-standalone-preset.js","Latency":0.040168538,"Category":"RequestResponse"}
{"level":"info","ts":"2025-01-15T16:06:41.001+0330","msg":"","AppName":"myApp","LoggerName":"Zap","Path":"/swagger/swagger-ui-bundle.js","Latency":0.126946753,"Category":"RequestResponse","SubCategory":"Api"}
{"level":"info","ts":"2025-01-15T16:06:41.089+0330","msg":"","AppName":"myApp","LoggerName":"Zap","Path":"/swagger/favicon-32x32.png","Latency":0.003733963,"Category":"RequestResponse","SubCategory":"Api"}
{"level":"info","ts":"2025-01-15T16:06:41.141+0330","msg":"","AppName":"myApp","LoggerName":"Zap","Path":"/swagger/doc.json","Latency":0.015240652,"Category":"RequestResponse","SubCategory":"Api"}
{"level":"info","ts":"2025-01-15T16:06:41.909+0330","msg":"","AppName":"myApp","LoggerName":"Zap","Category":"RequestResponse","SubCategory":"Api","Path":"/swagger/index.html","Latency":0.000062977}
{"level":"info","ts":"2025-01-15T16:06:41.949+0330","msg":"","AppName":"myApp","LoggerName":"Zap","Path":"/swagger/swagger-ui-standalone-preset.js","Latency":0.000034481,"Category":"RequestResponse","SubCategory":"Api"}
{"level":"info","ts":"2025-01-15T16:06:41.957+0330","msg":"","AppName":"myApp","LoggerName":"Zap","Path":"/swagger/swagger-ui.css","Latency":0.0000859,"Category":"RequestResponse","SubCategory":"Api"}
{"level":"info","ts":"2025-01-15T16:06:41.966+0330","msg":"","AppName":"myApp","LoggerName":"Zap","Path":"/swagger/swagger-ui-bundle.js","Latency":0.000029553,"Category":"RequestResponse","SubCategory":"Api"}
{"level":"info","ts":"2025-01-15T16:06:42.157+0330","msg":"","AppName":"myApp","LoggerName":"Zap","Path":"/swagger/favicon-32x32.png","Latency":0.000030906,"Category":"RequestResponse","SubCategory":"Api"}
{"level":"info","ts":"2025-01-15T16:06:42.161+0330","msg":"","AppName":"myApp","LoggerName":"Zap","Category":"RequestResponse","SubCategory":"Api","Path":"/swagger/doc.json","Latency":0.019567894}
{"level":"info","ts":"2025-01-15T16:06:42.854+0330","msg":"","AppName":"myApp","LoggerName":"Zap","Latency":0.00001992,"Category":"RequestResponse","SubCategory":"Api","Path":"/favicon.ico"}
{"level":"info","ts":"2025-01-15T16:06:44.166+0330","msg":"","AppName":"myApp","LoggerName":"Zap","Path":"/swagger/index.html","Latency":0.000055714,"Category":"RequestResponse","SubCategory":"Api"}
{"level":"info","ts":"2025-01-15T16:06:44.205+0330","msg":"","AppName":"myApp","LoggerName":"Zap","Path":"/swagger/swagger-ui.css","Latency":0.000039152,"Category":"RequestResponse","SubCategory":"Api"}
{"level":"info","ts":"2025-01-15T16:06:44.205+0330","msg":"","AppName":"myApp","LoggerName":"Zap","Path":"/swagger/swagger-ui-standalone-preset.js","Latency":0.000023287,"Category":"RequestResponse","SubCategory":"Api"}
{"level":"info","ts":"2025-01-15T16:06:44.221+0330","msg":"","AppName":"myApp","LoggerName":"Zap","Path":"/swagger/swagger-ui-bundle.js","Latency":0.000040249,"Category":"RequestResponse","SubCategory":"Api"}
{"level":"info","ts":"2025-01-15T16:06:44.426+0330","msg":"","AppName":"myApp","LoggerName":"Zap","SubCategory":"Api","Path":"/swagger/favicon-32x32.png","Latency":0.000027519,"Category":"RequestResponse"}
{"level":"info","ts":"2025-01-15T16:06:44.438+0330","msg":"","AppName":"myApp","LoggerName":"Zap","Path":"/swagger/doc.json","Latency":0.01257931,"Category":"RequestResponse","SubCategory":"Api"}
{"level":"info","ts":"2025-01-15T16:06:56.997+0330","msg":"failed to get from redis:[dial tcp 172.19.0.3:6379: connect: no route to host]","AppName":"myApp","LoggerName":"Zap"}
{"level":"info","ts":"2025-01-15T16:07:00.069+0330","msg":"failed to set data in Redis: [dial tcp 172.19.0.3:6379: connect: no route to host]","AppName":"myApp","LoggerName":"Zap"}
{"level":"info","ts":"2025-01-15T16:07:00.069+0330","msg":"can not set otp code: [dial tcp 172.19.0.3:6379: connect: no route to host]","AppName":"myApp","LoggerName":"Zap"}
{"level":"info","ts":"2025-01-15T16:07:00.069+0330","msg":"","AppName":"myApp","LoggerName":"Zap","Path":"/api/send-otp","Latency":6.147423406,"Category":"RequestResponse","SubCategory":"Api"}
